
> @uniformdev/nextjs-app-router-starter@0.1.0 open-next:build
> open-next build

Next.js v13.4.19
OpenNext v2.1.2

┌─────────────────────────────────┐
│ OpenNext — Building Next.js app │
└─────────────────────────────────┘


> @uniformdev/nextjs-app-router-starter@0.1.0 build
> next build

- info Loaded env from /Users/zachary.perdue/Development/ss-website/.env
- info Creating an optimized production build...
- warn Compiled with warnings

./node_modules/node-fetch/lib/index.js
Module not found: Can't resolve 'encoding' in '/Users/zachary.perdue/Development/ss-website/node_modules/node-fetch/lib'

Import trace for requested module:
./node_modules/node-fetch/lib/index.js
./node_modules/svix-fetch/fetch-npm-node.js
./node_modules/svix/dist/openapi/http/isomorphic-fetch.js
./node_modules/svix/dist/openapi/http/http.js
./node_modules/svix/dist/openapi/index.js
./node_modules/svix/dist/index.js
./node_modules/@uniformdev/canvas-next-rsc/dist/handler/helpers.js
./node_modules/@uniformdev/canvas-next-rsc/dist/handler/createPreviewPOSTRouteHandler.js
./node_modules/@uniformdev/canvas-next-rsc/dist/handler.js
./app/api/uniform/route.ts

- info Linting and checking validity of types...
- info Collecting page data...
- info Generating static pages (0/4)
- info Generating static pages (1/4)
- info Generating static pages (2/4)
- info Generating static pages (3/4)
- info Generating static pages (4/4)
- info Finalizing page optimization...

Route (app)                                Size     First Load JS
┌ λ /[[...slug]]                           214 B          96.6 kB
├ λ /api/uniform                           0 B                0 B
└ ○ /favicon.ico                           0 B                0 B
+ First Load JS shared by all              96.4 kB
  ├ chunks/596-d023cd7edc38ea34.js         26.1 kB
  ├ chunks/725-aedf7203f68af15a.js         17.9 kB
  ├ chunks/fd9d1056-76aadce26f555392.js    50.5 kB
  ├ chunks/main-app-c43a215e20942528.js    218 B
  └ chunks/webpack-f788852724c9c917.js     1.68 kB

Route (pages)                              Size     First Load JS
─ ○ /404                                   182 B          76.5 kB
+ First Load JS shared by all              76.3 kB
  ├ chunks/framework-8883d1e9be70c3da.js   45.1 kB
  ├ chunks/main-4849ce12ba950150.js        29.4 kB
  ├ chunks/pages/_app-52924524f99094ab.js  195 B
  └ chunks/webpack-f788852724c9c917.js     1.68 kB

λ  (Server)  server-side renders at runtime (uses getInitialProps or getServerSideProps)
○  (Static)  automatically rendered as static HTML (uses no initial props)


┌──────────────────────────────┐
│ OpenNext — Generating bundle │
└──────────────────────────────┘

Bundling static assets...
Bundling cache assets...
Bundling server function...
Applying plugins:: [opennext,opennext,opennext] for Next version: ^13.4.19
Bundling revalidation function...
Bundling image optimization function...

added 51 packages, and audited 52 packages in 801ms

10 packages are looking for funding
  run `npm fund` for details

found 0 vulnerabilities
Bundling warmer function...
