
> @uniformdev/nextjs-app-router-starter@0.1.0 build
> next build

- info Loaded env from /Users/seth.hall/apps/uniform/.env
- info Creating an optimized production build...
- warn Compiled with warnings

./node_modules/node-fetch/lib/index.js
Module not found: Can't resolve 'encoding' in '/Users/seth.hall/apps/uniform/node_modules/node-fetch/lib'

Import trace for requested module:
./node_modules/node-fetch/lib/index.js
./node_modules/svix-fetch/fetch-npm-node.js
./node_modules/svix/dist/openapi/http/isomorphic-fetch.js
./node_modules/svix/dist/openapi/http/http.js
./node_modules/svix/dist/openapi/index.js
./node_modules/svix/dist/index.js
./node_modules/@uniformdev/canvas-next-rsc/dist/handler/helpers.js
./node_modules/@uniformdev/canvas-next-rsc/dist/handler/createPreviewPOSTRouteHandler.js
./node_modules/@uniformdev/canvas-next-rsc/dist/handler.js
./app/api/uniform/route.ts

- info Linting and checking validity of types...
- info Collecting page data...
- info Generating static pages (0/4)
- info Generating static pages (1/4)
- info Generating static pages (2/4)
- info Generating static pages (3/4)
- info Generating static pages (4/4)
- info Finalizing page optimization...

Route (app)                                Size     First Load JS
┌ λ /[[...slug]]                           213 B          96.6 kB
├ λ /api/uniform                           0 B                0 B
└ ○ /favicon.ico                           0 B                0 B
+ First Load JS shared by all              96.4 kB
  ├ chunks/596-d023cd7edc38ea34.js         26.1 kB
  ├ chunks/725-aedf7203f68af15a.js         17.9 kB
  ├ chunks/fd9d1056-76aadce26f555392.js    50.5 kB
  ├ chunks/main-app-97c64dca4554e74e.js    221 B
  └ chunks/webpack-f788852724c9c917.js     1.68 kB

Route (pages)                              Size     First Load JS
─ ○ /404                                   182 B          76.5 kB
+ First Load JS shared by all              76.3 kB
  ├ chunks/framework-8883d1e9be70c3da.js   45.1 kB
  ├ chunks/main-4849ce12ba950150.js        29.4 kB
  ├ chunks/pages/_app-52924524f99094ab.js  195 B
  └ chunks/webpack-f788852724c9c917.js     1.68 kB

λ  (Server)  server-side renders at runtime (uses getInitialProps or getServerSideProps)
○  (Static)  automatically rendered as static HTML (uses no initial props)

